<?xml version="1.0" encoding="UTF-8"?>
<!-- Generated by org.testng.reporters.JUnitXMLReporter -->
<testsuite ignored="0" hostname="MAVLT1573" failures="0" tests="4" name="Default test" time="0.085" errors="0" timestamp="2021-12-11T20:45:22 IST">
  <testcase classname="com.scuba.training.MyfirstTestng" name="testngsamplefour" time="0.011"/>
  <testcase classname="com.scuba.training.MyfirstTestng" name="testngsampleone" time="0.002"/>
  <testcase classname="com.scuba.training.MyfirstTestng" name="testngsampletwo" time="0.002"/>
  <testcase classname="com.scuba.training.MyfirstTestng" name="testngsamplethree" time="0.001"/>
</testsuite> <!-- Default test -->
