<?xml version="1.0" encoding="UTF-8"?>
<!-- Generated by org.testng.reporters.JUnitXMLReporter -->
<testsuite ignored="0" hostname="MAVLT1573" failures="0" tests="4" name="Test" time="0.079" errors="0" timestamp="2021-11-26T19:09:10 IST">
  <testcase classname="com.scuba.training.MyfirstTestng" name="testngsamplefour" time="0.012"/>
  <testcase classname="com.scuba.training.MyfirstTestng" name="testngsampleone" time="0.002"/>
  <testcase classname="com.scuba.training.MyfirstTestng" name="testngsampletwo" time="0.002"/>
  <testcase classname="com.scuba.training.MyfirstTestng" name="testngsamplethree" time="0.003"/>
</testsuite> <!-- Test -->
